<?xml version="1.0" encoding="UTF-8"?>
<!-- Generated by org.testng.reporters.JUnitXMLReporter -->
<testsuite ignored="5" hostname="DESKTOP-GNH1D8K" failures="0" tests="1" name="Default test" time="0.121" errors="0" timestamp="2022-07-16T21:24:44 IST">
  <testcase classname="ModuleLogin_Test.Login2PageTest" name="@BeforeClass openBrowser" time="-1.657986883952E9">
    <failure type="org.testng.TestNGException" message="
Parameter &amp;apos;browserName&amp;apos; is required by BeforeClass on method openBrowser but has not been marked @Optional or defined
in C:\Users\Shree\AppData\Local\Temp\testng-eclipse-2112958365\testng-customsuite.xml">
      <![CDATA[org.testng.TestNGException: 
Parameter 'browserName' is required by BeforeClass on method openBrowser but has not been marked @Optional or defined
in C:\Users\Shree\AppData\Local\Temp\testng-eclipse-2112958365\testng-customsuite.xml
at org.testng.internal.Parameters.createParams(Parameters.java:270)
at org.testng.internal.Parameters.createParametersForMethod(Parameters.java:358)
at org.testng.internal.Parameters.createParameters(Parameters.java:700)
at org.testng.internal.Parameters.createConfigurationParameters(Parameters.java:168)
at org.testng.internal.ConfigInvoker.invokeConfigurations(ConfigInvoker.java:302)
at org.testng.internal.TestMethodWorker.invokeBeforeClassMethods(TestMethodWorker.java:176)
at org.testng.internal.TestMethodWorker.run(TestMethodWorker.java:122)
at java.base/java.util.ArrayList.forEach(ArrayList.java:1541)
at org.testng.TestRunner.privateRun(TestRunner.java:794)
at org.testng.TestRunner.run(TestRunner.java:596)
at org.testng.SuiteRunner.runTest(SuiteRunner.java:377)
at org.testng.SuiteRunner.runSequentially(SuiteRunner.java:371)
at org.testng.SuiteRunner.privateRun(SuiteRunner.java:332)
at org.testng.SuiteRunner.run(SuiteRunner.java:276)
at org.testng.SuiteRunnerWorker.runSuite(SuiteRunnerWorker.java:53)
at org.testng.SuiteRunnerWorker.run(SuiteRunnerWorker.java:96)
at org.testng.TestNG.runSuitesSequentially(TestNG.java:1212)
at org.testng.TestNG.runSuitesLocally(TestNG.java:1134)
at org.testng.TestNG.runSuites(TestNG.java:1063)
at org.testng.TestNG.run(TestNG.java:1031)
at org.testng.remote.AbstractRemoteTestNG.run(AbstractRemoteTestNG.java:115)
at org.testng.remote.RemoteTestNG.initAndRun(RemoteTestNG.java:251)
at org.testng.remote.RemoteTestNG.main(RemoteTestNG.java:77)
]]>
    </failure>
  </testcase> <!-- @BeforeClass openBrowser -->
  <testcase classname="ModuleLogin_Test.Login2PageTest" name="@AfterMethod captureScreenShotForFailedTestCases" time="-1.657986884024E9">
    <skipped/>
  </testcase> <!-- @AfterMethod captureScreenShotForFailedTestCases -->
  <testcase classname="ModuleLogin_Test.Login2PageTest" name="@AfterClass closeApp" time="-1.657986884028E9">
    <skipped/>
  </testcase> <!-- @AfterClass closeApp -->
  <testcase classname="ModuleLogin_Test.Login2PageTest" name="verifyLockIcon" time="0.001">
    <skipped/>
  </testcase> <!-- verifyLockIcon -->
  <testcase classname="ModuleLogin_Test.Login2PageTest" name="verifyUserIdTextBox" time="0.0">
    <ignored/>
  </testcase> <!-- verifyUserIdTextBox -->
  <testcase classname="ModuleLogin_Test.Login2PageTest" name="verifyLogo" time="0.0">
    <ignored/>
  </testcase> <!-- verifyLogo -->
  <testcase classname="ModuleLogin_Test.Login2PageTest" name="verifyContinueBtn" time="0.0">
    <ignored/>
  </testcase> <!-- verifyContinueBtn -->
  <testcase classname="ModuleLogin_Test.Login2PageTest" name="verifyPinTextBox" time="0.0">
    <ignored/>
  </testcase> <!-- verifyPinTextBox -->
  <testcase classname="ModuleLogin_Test.Login2PageTest" name="verifyForgot2FALink" time="0.0">
    <ignored/>
  </testcase> <!-- verifyForgot2FALink -->
</testsuite> <!-- Default test -->
